<?xml version="1.0" encoding="UTF-8"?>
<!-- Generated by org.testng.reporters.JUnitXMLReporter -->
<testsuite ignored="0" hostname="LAPTOP-H2F0LVSP" failures="0" tests="2" name="Default test" time="13.16" errors="0" timestamp="2024-09-16T20:55:30 EDT">
  <testcase classname="playwrightframework.com.salesforce.qa.test.LoginTest" name="testValidLogin" time="4.117"/>
  <testcase classname="playwrightframework.com.salesforce.qa.test.LoginTest" name="navigateToSdfc" time="1.045"/>
</testsuite> <!-- Default test -->
