<?xml version="1.0" encoding="UTF-8"?>
<testng-results ignored="0" total="2" passed="2" failed="0" skipped="0">
  <reporter-output>
  </reporter-output>
  <suite started-at="2024-09-16T20:55:17 EDT" name="Default suite" finished-at="2024-09-16T20:55:30 EDT" duration-ms="13160">
    <groups>
    </groups>
    <test started-at="2024-09-16T20:55:17 EDT" name="Default test" finished-at="2024-09-16T20:55:30 EDT" duration-ms="13160">
      <class name="playwrightframework.com.salesforce.qa.test.LoginTest">
        <test-method is-config="true" signature="setUp()[pri:0, instance:playwrightframework.com.salesforce.qa.test.LoginTest@70e8f8e]" started-at="2024-09-16T20:55:17 EDT" name="setUp" finished-at="2024-09-16T20:55:22 EDT" duration-ms="5056" status="PASS">
          <reporter-output>
          </reporter-output>
        </test-method> <!-- setUp -->
        <test-method signature="testValidLogin()[pri:0, instance:playwrightframework.com.salesforce.qa.test.LoginTest@70e8f8e]" started-at="2024-09-16T20:55:22 EDT" name="testValidLogin" finished-at="2024-09-16T20:55:26 EDT" duration-ms="4117" status="PASS">
          <reporter-output>
          </reporter-output>
        </test-method> <!-- testValidLogin -->
        <test-method is-config="true" signature="tearDown()[pri:0, instance:playwrightframework.com.salesforce.qa.test.LoginTest@70e8f8e]" started-at="2024-09-16T20:55:26 EDT" name="tearDown" finished-at="2024-09-16T20:55:27 EDT" duration-ms="777" status="PASS">
          <reporter-output>
          </reporter-output>
        </test-method> <!-- tearDown -->
        <test-method is-config="true" signature="setUp()[pri:0, instance:playwrightframework.com.salesforce.qa.test.LoginTest@70e8f8e]" started-at="2024-09-16T20:55:27 EDT" name="setUp" finished-at="2024-09-16T20:55:28 EDT" duration-ms="1482" status="PASS">
          <reporter-output>
          </reporter-output>
        </test-method> <!-- setUp -->
        <test-method signature="navigateToSdfc()[pri:1, instance:playwrightframework.com.salesforce.qa.test.LoginTest@70e8f8e]" started-at="2024-09-16T20:55:28 EDT" name="navigateToSdfc" finished-at="2024-09-16T20:55:29 EDT" duration-ms="1045" status="PASS">
          <reporter-output>
          </reporter-output>
        </test-method> <!-- navigateToSdfc -->
        <test-method is-config="true" signature="tearDown()[pri:0, instance:playwrightframework.com.salesforce.qa.test.LoginTest@70e8f8e]" started-at="2024-09-16T20:55:29 EDT" name="tearDown" finished-at="2024-09-16T20:55:30 EDT" duration-ms="646" status="PASS">
          <reporter-output>
          </reporter-output>
        </test-method> <!-- tearDown -->
      </class> <!-- playwrightframework.com.salesforce.qa.test.LoginTest -->
    </test> <!-- Default test -->
  </suite> <!-- Default suite -->
</testng-results>
